Tabcmd 2.0.18                 
=====   Server: https://t.tableau-report.com
=====   Username: milvus      
=====   Token Name: misolution_dev__ict_1
Tableau Server Site: ict_1    
Connecting to the server...   
versions: 3.23, 2.4           
Signed into https://t.tableau-report.com as user with id 8bfb9887-1967-4b14-ab2f-97c9e5eb273b
Querying single user (ID: 8bfb9887-1967-4b14-ab2f-97c9e5eb273b)
Succeeded                     
Querying all projects on site 
Publishing './output/008_1LiveConnection_2Table.tds' to the server. This could take several minutes...
File path does not lead to an existing file.
Traceback (most recent call last):
  File "tabcmd\commands\datasources_and_workbooks\publish_command.py", line 103, in run_command
  File "tableauserverclient\server\endpoint\endpoint.py", line 274, in wrapper
  File "tableauserverclient\server\endpoint\endpoint.py", line 316, in wrapper
  File "tableauserverclient\server\endpoint\endpoint.py", line 316, in wrapper
  File "tableauserverclient\server\endpoint\datasources_endpoint.py", line 481, in publish
OSError: File path does not lead to an existing file.
Exiting...                    
Tabcmd 2.0.18                 
=====   Server: https://t.tableau-report.com
=====   Username: milvus      
=====   Token Name: misolution_dev__ict_1
Tableau Server Site: ict_1    
Connecting to the server...   
versions: 3.23, 2.4           
Signed into https://t.tableau-report.com as user with id 8bfb9887-1967-4b14-ab2f-97c9e5eb273b
Querying single user (ID: 8bfb9887-1967-4b14-ab2f-97c9e5eb273b)
Succeeded                     
Querying all projects on site 
Publishing './output/008_1LiveConnection_2Table.tds' to the server. This could take several minutes...
File path does not lead to an existing file.
Traceback (most recent call last):
  File "tabcmd\commands\datasources_and_workbooks\publish_command.py", line 103, in run_command
  File "tableauserverclient\server\endpoint\endpoint.py", line 274, in wrapper
  File "tableauserverclient\server\endpoint\endpoint.py", line 316, in wrapper
  File "tableauserverclient\server\endpoint\endpoint.py", line 316, in wrapper
  File "tableauserverclient\server\endpoint\datasources_endpoint.py", line 481, in publish
OSError: File path does not lead to an existing file.
Exiting...                    
Tabcmd 2.0.18                 
=====   Server: https://t.tableau-report.com
=====   Username: milvus      
=====   Token Name: misolution_dev__ict_1
Tableau Server Site: ict_1    
Connecting to the server...   
versions: 3.23, 2.4           
Signed into https://t.tableau-report.com as user with id 8bfb9887-1967-4b14-ab2f-97c9e5eb273b
Querying single user (ID: 8bfb9887-1967-4b14-ab2f-97c9e5eb273b)
Succeeded                     
Querying all projects on site 
Publishing '011_multiple_test_table_builder.hyper' to the server. This could take several minutes...
File path does not lead to an existing file.
Traceback (most recent call last):
  File "tabcmd\commands\datasources_and_workbooks\publish_command.py", line 103, in run_command
  File "tableauserverclient\server\endpoint\endpoint.py", line 274, in wrapper
  File "tableauserverclient\server\endpoint\endpoint.py", line 316, in wrapper
  File "tableauserverclient\server\endpoint\endpoint.py", line 316, in wrapper
  File "tableauserverclient\server\endpoint\datasources_endpoint.py", line 481, in publish
OSError: File path does not lead to an existing file.
Exiting...                    
Tabcmd 2.0.18                 
=====   Server: https://t.tableau-report.com
=====   Username: milvus      
=====   Token Name: misolution_dev__ict_1
Tableau Server Site: ict_1    
Connecting to the server...   
versions: 3.23, 2.4           
Signed into https://t.tableau-report.com as user with id 8bfb9887-1967-4b14-ab2f-97c9e5eb273b
Querying single user (ID: 8bfb9887-1967-4b14-ab2f-97c9e5eb273b)
Succeeded                     
Querying all projects on site 
Publishing '011_multiple_test_table_builder.tds' to the server. This could take several minutes...
Publishing 011_multiple_test_table_builder.tds to server
Published 011_multiple_test_table_builder.tds (ID: f7fc98ca-64d9-407e-818c-243c8818c79b)
File successfully published to the server at the following location:
https://t.tableau-report.com/#/site/ict_1/datasources/6427
Tabcmd 2.0.18                 
=====   Server: https://t.tableau-report.com
=====   Username: milvus      
=====   Token Name: misolution_dev__ict_1
Tableau Server Site: ict_1    
Connecting to the server...   
versions: 3.23, 2.4           
Signed into https://t.tableau-report.com as user with id 8bfb9887-1967-4b14-ab2f-97c9e5eb273b
Querying single user (ID: 8bfb9887-1967-4b14-ab2f-97c9e5eb273b)
Succeeded                     
Querying all projects on site 
Publishing '011_multiple_test_table_builder.tds' to the server. This could take several minutes...
Publishing 011_multiple_test_table_builder.tds to server
Published 011_multiple_test_table_builder.tds (ID: f7fc98ca-64d9-407e-818c-243c8818c79b)
File successfully published to the server at the following location:
https://t.tableau-report.com/#/site/ict_1/datasources/6428
Tabcmd 2.0.18                 
=====   Server: https://t.tableau-report.com
=====   Username: milvus      
=====   Token Name: misolution_dev__ict_1
Tableau Server Site: ict_1    
Connecting to the server...   
versions: 3.23, 2.4           
Signed into https://t.tableau-report.com as user with id 8bfb9887-1967-4b14-ab2f-97c9e5eb273b
Querying single user (ID: 8bfb9887-1967-4b14-ab2f-97c9e5eb273b)
Succeeded                     
Querying all projects on site 
Publishing '011_multiple_test_table_builder.tds' to the server. This could take several minutes...
Publishing 011_multiple_test_table_builder.tds to server
Published 011_multiple_test_table_builder.tds (ID: f7fc98ca-64d9-407e-818c-243c8818c79b)
File successfully published to the server at the following location:
https://t.tableau-report.com/#/site/ict_1/datasources/6429
Tabcmd 2.0.18                 
=====   Server: https://t.tableau-report.com
=====   Username: milvus      
=====   Token Name: misolution_dev__ict_1
Tableau Server Site: ict_1    
Connecting to the server...   
versions: 3.23, 2.4           
Signed into https://t.tableau-report.com as user with id 8bfb9887-1967-4b14-ab2f-97c9e5eb273b
Querying single user (ID: 8bfb9887-1967-4b14-ab2f-97c9e5eb273b)
Succeeded                     
Querying all projects on site 
Publishing '011_multiple_test_table_builder.tds' to the server. This could take several minutes...
Publishing 011_multiple_test_table_builder.tds to server
Published 011_multiple_test_table_builder.tds (ID: f7fc98ca-64d9-407e-818c-243c8818c79b)
File successfully published to the server at the following location:
https://t.tableau-report.com/#/site/ict_1/datasources/6430
Tabcmd 2.0.18                 
=====   Server: https://t.tableau-report.com
=====   Username: milvus      
=====   Token Name: misolution_dev__ict_1
Tableau Server Site: ict_1    
Connecting to the server...   
versions: 3.23, 2.4           
Signed into https://t.tableau-report.com as user with id 8bfb9887-1967-4b14-ab2f-97c9e5eb273b
Querying single user (ID: 8bfb9887-1967-4b14-ab2f-97c9e5eb273b)
Succeeded                     
Querying all projects on site 
Publishing '011_multiple_test_table_builder.tds' to the server. This could take several minutes...
Publishing 011_multiple_test_table_builder.tds to server
Published 011_multiple_test_table_builder.tds (ID: f7fc98ca-64d9-407e-818c-243c8818c79b)
File successfully published to the server at the following location:
https://t.tableau-report.com/#/site/ict_1/datasources/6431
Tabcmd 2.0.18                 
=====   Server: https://t.tableau-report.com
=====   Username: milvus      
=====   Token Name: misolution_dev__ict_1
Tableau Server Site: ict_1    
Connecting to the server...   
versions: 3.23, 2.4           
Signed into https://t.tableau-report.com as user with id 8bfb9887-1967-4b14-ab2f-97c9e5eb273b
Querying single user (ID: 8bfb9887-1967-4b14-ab2f-97c9e5eb273b)
Succeeded                     
Querying all projects on site 
Publishing '011_multiple_test_table_builder.tds' to the server. This could take several minutes...
Publishing 011_multiple_test_table_builder.tds to server
Published 011_multiple_test_table_builder.tds (ID: f7fc98ca-64d9-407e-818c-243c8818c79b)
File successfully published to the server at the following location:
https://t.tableau-report.com/#/site/ict_1/datasources/6432
Tabcmd 2.0.18                 
=====   Server: https://t.tableau-report.com
=====   Username: milvus      
=====   Token Name: misolution_dev__ict_1
Tableau Server Site: ict_1    
Connecting to the server...   
versions: 3.23, 2.4           
Signed into https://t.tableau-report.com as user with id 8bfb9887-1967-4b14-ab2f-97c9e5eb273b
Querying single user (ID: 8bfb9887-1967-4b14-ab2f-97c9e5eb273b)
Succeeded                     
Querying all projects on site 
Publishing '011_multiple_test_table_builder.tds' to the server. This could take several minutes...
Publishing 011_multiple_test_table_builder.tds to server
Published 011_multiple_test_table_builder.tds (ID: f7fc98ca-64d9-407e-818c-243c8818c79b)
File successfully published to the server at the following location:
https://t.tableau-report.com/#/site/ict_1/datasources/6433
Tabcmd 2.0.18                 
=====   Server: https://t.tableau-report.com
=====   Username: milvus      
=====   Token Name: misolution_dev__ict_1
Tableau Server Site: ict_1    
Connecting to the server...   
versions: 3.23, 2.4           
Signed into https://t.tableau-report.com as user with id 8bfb9887-1967-4b14-ab2f-97c9e5eb273b
Querying single user (ID: 8bfb9887-1967-4b14-ab2f-97c9e5eb273b)
Succeeded                     
Querying all projects on site 
Publishing '011_multiple_test_table_builder.tds' to the server. This could take several minutes...
Publishing 011_multiple_test_table_builder.tds to server
Published 011_multiple_test_table_builder.tds (ID: f7fc98ca-64d9-407e-818c-243c8818c79b)
File successfully published to the server at the following location:
https://t.tableau-report.com/#/site/ict_1/datasources/6434
Tabcmd 2.0.18                 
=====   Server: https://t.tableau-report.com
=====   Username: milvus      
=====   Token Name: misolution_dev__ict_1
Tableau Server Site: ict_1    
Connecting to the server...   
versions: 3.23, 2.4           
Signed into https://t.tableau-report.com as user with id 8bfb9887-1967-4b14-ab2f-97c9e5eb273b
Querying single user (ID: 8bfb9887-1967-4b14-ab2f-97c9e5eb273b)
Succeeded                     
Querying all projects on site 
Publishing '011_multiple_test_table_builder.tds' to the server. This could take several minutes...
Publishing 011_multiple_test_table_builder.tds to server
Published 011_multiple_test_table_builder.tds (ID: f7fc98ca-64d9-407e-818c-243c8818c79b)
File successfully published to the server at the following location:
https://t.tableau-report.com/#/site/ict_1/datasources/6435
Tabcmd 2.0.18                 
=====   Server: https://t.tableau-report.com
=====   Username: milvus      
=====   Token Name: misolution_dev__ict_1
Tableau Server Site: ict_1    
Connecting to the server...   
versions: 3.23, 2.4           
Signed into https://t.tableau-report.com as user with id 8bfb9887-1967-4b14-ab2f-97c9e5eb273b
Querying single user (ID: 8bfb9887-1967-4b14-ab2f-97c9e5eb273b)
Succeeded                     
Querying all projects on site 
Publishing '011_multiple_test_table_builder.tds' to the server. This could take several minutes...
Publishing 011_multiple_test_table_builder.tds to server
Published 011_multiple_test_table_builder.tds (ID: f7fc98ca-64d9-407e-818c-243c8818c79b)
File successfully published to the server at the following location:
https://t.tableau-report.com/#/site/ict_1/datasources/6436
Tabcmd 2.0.18                 
=====   Server: https://t.tableau-report.com
=====   Username: milvus      
=====   Token Name: misolution_dev__ict_1
Tableau Server Site: ict_1    
Connecting to the server...   
versions: 3.23, 2.4           
Signed into https://t.tableau-report.com as user with id 8bfb9887-1967-4b14-ab2f-97c9e5eb273b
Querying single user (ID: 8bfb9887-1967-4b14-ab2f-97c9e5eb273b)
Succeeded                     
Querying all projects on site 
Publishing '011_multiple_test_table_builder.tds' to the server. This could take several minutes...
Publishing 011_multiple_test_table_builder.tds to server
Published 011_multiple_test_table_builder.tds (ID: f7fc98ca-64d9-407e-818c-243c8818c79b)
File successfully published to the server at the following location:
https://t.tableau-report.com/#/site/ict_1/datasources/6437
Tabcmd 2.0.18                 
=====   Server: https://t.tableau-report.com
=====   Username: milvus      
=====   Token Name: misolution_dev__ict_1
Tableau Server Site: ict_1    
Connecting to the server...   
versions: 3.23, 2.4           
Signed into https://t.tableau-report.com as user with id 8bfb9887-1967-4b14-ab2f-97c9e5eb273b
Querying single user (ID: 8bfb9887-1967-4b14-ab2f-97c9e5eb273b)
Succeeded                     
Querying all projects on site 
Replacing an extract is not yet implemented
Traceback (most recent call last):
  File "tabcmd\execution\tabcmd_controller.py", line 52, in run
  File "tabcmd\commands\datasources_and_workbooks\publish_command.py", line 55, in run_command
  File "tabcmd\commands\datasources_and_workbooks\publish_command.py", line 118, in get_publish_mode
AttributeError: Replacing an extract is not yet implemented
Tabcmd 2.0.18                 
=====   Server: https://t.tableau-report.com
=====   Username: milvus      
=====   Token Name: misolution_dev__ict_1
Tableau Server Site: ict_1    
Connecting to the server...   
versions: 3.23, 2.4           
Signed into https://t.tableau-report.com as user with id 8bfb9887-1967-4b14-ab2f-97c9e5eb273b
Querying single user (ID: 8bfb9887-1967-4b14-ab2f-97c9e5eb273b)
Succeeded                     
Querying all projects on site 


	404: Item not found
		Item not found: [Projects] Default
Traceback (most recent call last):
  File "tabcmd\execution\tabcmd_controller.py", line 52, in run
  File "tabcmd\commands\datasources_and_workbooks\delete_command.py", line 42, in run_command
  File "tabcmd\commands\server.py", line 149, in get_project_by_name_and_parent_path
  File "tabcmd\commands\server.py", line 83, in get_items_by_name
tableauserverclient.server.endpoint.exceptions.ServerResponseError: 

	404: Item not found
		Item not found: [Projects] Default
Tabcmd 2.0.18                 
=====   Server: https://t.tableau-report.com
=====   Username: milvus      
=====   Token Name: misolution_dev__ict_1
Tableau Server Site: ict_1    
Connecting to the server...   
versions: 3.23, 2.4           
Signed into https://t.tableau-report.com as user with id 8bfb9887-1967-4b14-ab2f-97c9e5eb273b
Querying single user (ID: 8bfb9887-1967-4b14-ab2f-97c9e5eb273b)
Succeeded                     
Querying all projects on site 


	404: Item not found
		Item not found: [Projects] Default
Traceback (most recent call last):
  File "tabcmd\execution\tabcmd_controller.py", line 52, in run
  File "tabcmd\commands\datasources_and_workbooks\delete_command.py", line 42, in run_command
  File "tabcmd\commands\server.py", line 149, in get_project_by_name_and_parent_path
  File "tabcmd\commands\server.py", line 83, in get_items_by_name
tableauserverclient.server.endpoint.exceptions.ServerResponseError: 

	404: Item not found
		Item not found: [Projects] Default
Tabcmd 2.0.18                 
=====   Server: https://t.tableau-report.com
=====   Username: milvus      
=====   Token Name: misolution_dev__ict_1
Tableau Server Site: ict_1    
Connecting to the server...   
versions: 3.23, 2.4           
Signed into https://t.tableau-report.com as user with id 8bfb9887-1967-4b14-ab2f-97c9e5eb273b
Querying single user (ID: 8bfb9887-1967-4b14-ab2f-97c9e5eb273b)
Succeeded                     
Querying all projects on site 


	404: Item not found
		Item not found: [Projects] Default
Traceback (most recent call last):
  File "tabcmd\execution\tabcmd_controller.py", line 52, in run
  File "tabcmd\commands\datasources_and_workbooks\delete_command.py", line 42, in run_command
  File "tabcmd\commands\server.py", line 149, in get_project_by_name_and_parent_path
  File "tabcmd\commands\server.py", line 83, in get_items_by_name
tableauserverclient.server.endpoint.exceptions.ServerResponseError: 

	404: Item not found
		Item not found: [Projects] Default
Tabcmd 2.0.18                 
=====   Server: https://t.tableau-report.com
=====   Username: milvus      
=====   Token Name: misolution_dev__ict_1
Tableau Server Site: ict_1    
Connecting to the server...   
versions: 3.23, 2.4           
Signed into https://t.tableau-report.com as user with id 8bfb9887-1967-4b14-ab2f-97c9e5eb273b
Querying single user (ID: 8bfb9887-1967-4b14-ab2f-97c9e5eb273b)
Succeeded                     
Querying all projects on site 


	404: Item not found
		Item not found: [Projects] Default
Traceback (most recent call last):
  File "tabcmd\execution\tabcmd_controller.py", line 52, in run
  File "tabcmd\commands\datasources_and_workbooks\delete_command.py", line 42, in run_command
  File "tabcmd\commands\server.py", line 149, in get_project_by_name_and_parent_path
  File "tabcmd\commands\server.py", line 83, in get_items_by_name
tableauserverclient.server.endpoint.exceptions.ServerResponseError: 

	404: Item not found
		Item not found: [Projects] Default
Tabcmd 2.0.18                 
=====   Server: https://t.tableau-report.com
=====   Username: milvus      
=====   Token Name: misolution_dev__ict_1
Tableau Server Site: ict_1    
Connecting to the server...   
versions: 3.23, 2.4           
Failed Sign In Error: 

	401001: Signin Error
		Error signing in to Tableau Server (16)
Traceback (most recent call last):
  File "tabcmd\commands\auth\session.py", line 267, in _sign_in
  File "tableauserverclient\server\endpoint\endpoint.py", line 274, in wrapper
  File "tableauserverclient\server\endpoint\auth_endpoint.py", line 84, in sign_in
  File "tableauserverclient\server\endpoint\endpoint.py", line 164, in _check_status
tableauserverclient.server.endpoint.exceptions.FailedSignInError: Failed Sign In Error: 

	401001: Signin Error
		Error signing in to Tableau Server (16)
Exiting...                    
Tabcmd 2.0.18                 
=====   Server: https://t.tableau-report.com
=====   Username: milvus      
=====   Token Name: misolution_dev__ict_1
Tableau Server Site: ict_1    
Connecting to the server...   
versions: 3.23, 2.4           
Signed into https://t.tableau-report.com as user with id 8bfb9887-1967-4b14-ab2f-97c9e5eb273b
Querying single user (ID: 8bfb9887-1967-4b14-ab2f-97c9e5eb273b)
Succeeded                     
Querying all projects on site 
Removing datasource '/[ict_1] ts_tds_builder/011_multiple_test_table_builder' from the server...
Querying all datasources on site
Deleted single datasource (ID: f7fc98ca-64d9-407e-818c-243c8818c79b)
Succeeded                     
Tabcmd 2.0.18                 
=====   Server: https://t.tableau-report.com
=====   Username: milvus      
=====   Token Name: misolution_dev__ict_1
Tableau Server Site: ict_1    
Connecting to the server...   
versions: 3.23, 2.4           
Signed into https://t.tableau-report.com as user with id 8bfb9887-1967-4b14-ab2f-97c9e5eb273b
Querying single user (ID: 8bfb9887-1967-4b14-ab2f-97c9e5eb273b)
Succeeded                     
Querying all projects on site 
Publishing '011_multiple_test_table_builder.tds' to the server. This could take several minutes...
Publishing 011_multiple_test_table_builder.tds to server
Published 011_multiple_test_table_builder.tds (ID: 9c22275f-93a7-4588-9684-f3ad5e542b7b)
File successfully published to the server at the following location:
https://t.tableau-report.com/#/site/ict_1/datasources/6438
Tabcmd 2.0.18                 
=====   Server: https://t.tableau-report.com
=====   Username: milvus      
=====   Token Name: misolution_dev__ict_1
Tableau Server Site: ict_1    
Connecting to the server...   
versions: 3.23, 2.4           
Signed into https://t.tableau-report.com as user with id 8bfb9887-1967-4b14-ab2f-97c9e5eb273b
Querying single user (ID: 8bfb9887-1967-4b14-ab2f-97c9e5eb273b)
Succeeded                     
Querying all projects on site 
Removing datasource '/[ict_1] ts_tds_builder/011_multiple_test_table_builder' from the server...
Querying all datasources on site
Deleted single datasource (ID: 9c22275f-93a7-4588-9684-f3ad5e542b7b)
Succeeded                     
Tabcmd 2.0.18                 
=====   Server: https://t.tableau-report.com
=====   Username: milvus      
=====   Token Name: misolution_dev__ict_1
Tableau Server Site: ict_1    
Connecting to the server...   
versions: 3.23, 2.4           
Signed into https://t.tableau-report.com as user with id 8bfb9887-1967-4b14-ab2f-97c9e5eb273b
Querying single user (ID: 8bfb9887-1967-4b14-ab2f-97c9e5eb273b)
Succeeded                     
Querying all projects on site 
Removing datasource '/[ict_1] ts_tds_builder/011_multiple_test_table_builder' from the server...
Querying all datasources on site


	404: Item not found
		Item not found: [ProjectItem] [ict_1] ts_tds_builder/[Datasources] 011_multiple_test_table_builder
Exiting...                    
Tabcmd 2.0.18                 
=====   Server: https://t.tableau-report.com
=====   Username: milvus      
=====   Token Name: misolution_dev__ict_1
Tableau Server Site: ict_1    
Connecting to the server...   
versions: 3.23, 2.4           
Signed into https://t.tableau-report.com as user with id 8bfb9887-1967-4b14-ab2f-97c9e5eb273b
Querying single user (ID: 8bfb9887-1967-4b14-ab2f-97c9e5eb273b)
Succeeded                     
Querying all projects on site 
Publishing '011_multiple_test_table_builder.tds' to the server. This could take several minutes...
Publishing 011_multiple_test_table_builder.tds to server
Published 011_multiple_test_table_builder.tds (ID: c1dd2a96-9644-4ffa-9d1a-4800c15ea20c)
File successfully published to the server at the following location:
https://t.tableau-report.com/#/site/ict_1/datasources/6439
Tabcmd 2.0.18                 
=====   Server: https://t.tableau-report.com
=====   Username: milvus      
=====   Token Name: misolution_dev__ict_1
Tableau Server Site: ict_1    
Connecting to the server...   
versions: 3.23, 2.4           
Signed into https://t.tableau-report.com as user with id 8bfb9887-1967-4b14-ab2f-97c9e5eb273b
Querying single user (ID: 8bfb9887-1967-4b14-ab2f-97c9e5eb273b)
Succeeded                     
Querying all projects on site 
Removing datasource '/[ict_1] ts_tds_builder/011_multiple_test_table_builder_v1' from the server...
Querying all datasources on site


	404: Item not found
		Item not found: [ProjectItem] [ict_1] ts_tds_builder/[Datasources] 011_multiple_test_table_builder_v1
Exiting...                    
Tabcmd 2.0.18                 
=====   Server: https://t.tableau-report.com
=====   Username: milvus      
=====   Token Name: misolution_dev__ict_1
Tableau Server Site: ict_1    
Connecting to the server...   
versions: 3.23, 2.4           
Signed into https://t.tableau-report.com as user with id 8bfb9887-1967-4b14-ab2f-97c9e5eb273b
Querying single user (ID: 8bfb9887-1967-4b14-ab2f-97c9e5eb273b)
Succeeded                     
Querying all projects on site 
Publishing '011_multiple_test_table_builder_v1.tds' to the server. This could take several minutes...
Publishing 011_multiple_test_table_builder_v1.tds to server
Published 011_multiple_test_table_builder_v1.tds (ID: 79f87179-eaf4-494b-931c-8d403d63e1b5)
File successfully published to the server at the following location:
https://t.tableau-report.com/#/site/ict_1/datasources/6440
Tabcmd 2.0.18                 
=====   Server: https://t.tableau-report.com
=====   Username: milvus      
=====   Token Name: misolution_dev__ict_1
Tableau Server Site: ict_1    
Connecting to the server...   
versions: 3.23, 2.4           
Signed into https://t.tableau-report.com as user with id 8bfb9887-1967-4b14-ab2f-97c9e5eb273b
Querying single user (ID: 8bfb9887-1967-4b14-ab2f-97c9e5eb273b)
Succeeded                     
Querying all projects on site 
Publishing '011_multiple_test_table_builder_v1.tds' to the server. This could take several minutes...
Publishing 011_multiple_test_table_builder_v1.tds to server
Published 011_multiple_test_table_builder_v1.tds (ID: 79f87179-eaf4-494b-931c-8d403d63e1b5)
File successfully published to the server at the following location:
https://t.tableau-report.com/#/site/ict_1/datasources/6441
Tabcmd 2.0.18                 
=====   Server: https://t.tableau-report.com
=====   Username: milvus      
=====   Token Name: misolution_dev__ict_1
Tableau Server Site: ict_1    
Connecting to the server...   
versions: 3.23, 2.4           
Signed into https://t.tableau-report.com as user with id 8bfb9887-1967-4b14-ab2f-97c9e5eb273b
Querying single user (ID: 8bfb9887-1967-4b14-ab2f-97c9e5eb273b)
Succeeded                     
Querying all projects on site 
Removing datasource '/[ict_1] ts_tds_builder/011_multiple_test_table_builder_v1' from the server...
Querying all datasources on site
Deleted single datasource (ID: 79f87179-eaf4-494b-931c-8d403d63e1b5)
Succeeded                     
Tabcmd 2.0.18                 
=====   Server: https://t.tableau-report.com
=====   Username: milvus      
=====   Token Name: misolution_dev__ict_1
Tableau Server Site: ict_1    
Connecting to the server...   
versions: 3.23, 2.4           
Signed into https://t.tableau-report.com as user with id 8bfb9887-1967-4b14-ab2f-97c9e5eb273b
Querying single user (ID: 8bfb9887-1967-4b14-ab2f-97c9e5eb273b)
Succeeded                     
Querying all projects on site 
Publishing '011_multiple_test_table_builder_v1.tds' to the server. This could take several minutes...
Publishing 011_multiple_test_table_builder_v1.tds to server
Published 011_multiple_test_table_builder_v1.tds (ID: f021a2f2-f993-45ef-bba4-0bd88162de41)
File successfully published to the server at the following location:
https://t.tableau-report.com/#/site/ict_1/datasources/6442
Tabcmd 2.0.18                 
=====   Server: https://t.tableau-report.com
=====   Username: milvus      
=====   Token Name: misolution_dev__ict_1
Tableau Server Site: ict_1    
Connecting to the server...   
versions: 3.23, 2.4           
Signed into https://t.tableau-report.com as user with id 8bfb9887-1967-4b14-ab2f-97c9e5eb273b
Querying single user (ID: 8bfb9887-1967-4b14-ab2f-97c9e5eb273b)
Succeeded                     
Querying all projects on site 
Publishing '011_multiple_test_table_builder_v1.tds' to the server. This could take several minutes...
Publishing 011_multiple_test_table_builder_v1.tds to server
Published 011_multiple_test_table_builder_v1.tds (ID: f021a2f2-f993-45ef-bba4-0bd88162de41)
File successfully published to the server at the following location:
https://t.tableau-report.com/#/site/ict_1/datasources/6443
Tabcmd 2.0.18                 
=====   Server: https://t.tableau-report.com
=====   Username: milvus      
=====   Token Name: misolution_dev__ict_1
Tableau Server Site: ict_1    
Connecting to the server...   
versions: 3.23, 2.4           
Signed into https://t.tableau-report.com as user with id 8bfb9887-1967-4b14-ab2f-97c9e5eb273b
Querying single user (ID: 8bfb9887-1967-4b14-ab2f-97c9e5eb273b)
Succeeded                     
Querying all projects on site 
Removing datasource '/[ict_1] ts_tds_builder/011_multiple_test_table_builder_v1' from the server...
Querying all datasources on site
Deleted single datasource (ID: f021a2f2-f993-45ef-bba4-0bd88162de41)
Succeeded                     
Tabcmd 2.0.18                 
=====   Server: https://t.tableau-report.com
=====   Username: milvus      
=====   Token Name: misolution_dev__ict_1
Tableau Server Site: ict_1    
Connecting to the server...   
versions: 3.23, 2.4           
Signed into https://t.tableau-report.com as user with id 8bfb9887-1967-4b14-ab2f-97c9e5eb273b
Querying single user (ID: 8bfb9887-1967-4b14-ab2f-97c9e5eb273b)
Succeeded                     
Querying all projects on site 
Publishing '011_multiple_test_table_builder_v1.tds' to the server. This could take several minutes...
Publishing 011_multiple_test_table_builder_v1.tds to server
Published 011_multiple_test_table_builder_v1.tds (ID: e0409d4b-fedf-4714-b0a4-291b9424c461)
File successfully published to the server at the following location:
https://t.tableau-report.com/#/site/ict_1/datasources/6444
Tabcmd 2.0.18                 
=====   Server: https://t.tableau-report.com
=====   Username: milvus      
=====   Token Name: misolution_dev__ict_1
Tableau Server Site: ict_1    
Connecting to the server...   
versions: 3.23, 2.4           
Signed into https://t.tableau-report.com as user with id 8bfb9887-1967-4b14-ab2f-97c9e5eb273b
Querying single user (ID: 8bfb9887-1967-4b14-ab2f-97c9e5eb273b)
Succeeded                     
Querying all projects on site 
Removing datasource '/[ict_1] ts_tds_builder/011_multiple_test_table_builder_v1' from the server...
Querying all datasources on site
Deleted single datasource (ID: e0409d4b-fedf-4714-b0a4-291b9424c461)
Succeeded                     
Tabcmd 2.0.18                 
=====   Server: https://t.tableau-report.com
=====   Username: milvus      
=====   Token Name: misolution_dev__ict_1
Tableau Server Site: ict_1    
Connecting to the server...   
versions: 3.23, 2.4           
Signed into https://t.tableau-report.com as user with id 8bfb9887-1967-4b14-ab2f-97c9e5eb273b
Querying single user (ID: 8bfb9887-1967-4b14-ab2f-97c9e5eb273b)
Succeeded                     
Querying all projects on site 
Publishing '011_multiple_test_table_builder_v1.tds' to the server. This could take several minutes...
Publishing 011_multiple_test_table_builder_v1.tds to server
Published 011_multiple_test_table_builder_v1.tds (ID: c374a93d-a999-4337-970d-af3fc58577b7)
File successfully published to the server at the following location:
https://t.tableau-report.com/#/site/ict_1/datasources/6445
Tabcmd 2.0.18                 
=====   Server: https://t.tableau-report.com
=====   Username: milvus      
=====   Token Name: misolution_dev__ict_1
Tableau Server Site: ict_1    
Connecting to the server...   
versions: 3.23, 2.4           
Signed into https://t.tableau-report.com as user with id 8bfb9887-1967-4b14-ab2f-97c9e5eb273b
Querying single user (ID: 8bfb9887-1967-4b14-ab2f-97c9e5eb273b)
Succeeded                     
Querying all projects on site 
Removing datasource '/[ict_1] ts_tds_builder/011_multiple_test_table_builder_v1' from the server...
Querying all datasources on site
Deleted single datasource (ID: c374a93d-a999-4337-970d-af3fc58577b7)
Succeeded                     
Tabcmd 2.0.18                 
=====   Server: https://t.tableau-report.com
=====   Username: milvus      
=====   Token Name: misolution_dev__ict_1
Tableau Server Site: ict_1    
Connecting to the server...   
versions: 3.23, 2.4           
Signed into https://t.tableau-report.com as user with id 8bfb9887-1967-4b14-ab2f-97c9e5eb273b
Querying single user (ID: 8bfb9887-1967-4b14-ab2f-97c9e5eb273b)
Succeeded                     
Querying all projects on site 
Publishing '011_multiple_test_table_builder_v1.tds' to the server. This could take several minutes...
File path does not lead to an existing file.
Traceback (most recent call last):
  File "tabcmd\commands\datasources_and_workbooks\publish_command.py", line 103, in run_command
  File "tableauserverclient\server\endpoint\endpoint.py", line 274, in wrapper
  File "tableauserverclient\server\endpoint\endpoint.py", line 316, in wrapper
  File "tableauserverclient\server\endpoint\endpoint.py", line 316, in wrapper
  File "tableauserverclient\server\endpoint\datasources_endpoint.py", line 481, in publish
OSError: File path does not lead to an existing file.
Exiting...                    
Tabcmd 2.0.18                 
=====   Server: https://t.tableau-report.com
=====   Username: milvus      
=====   Token Name: misolution_dev__ict_1
Tableau Server Site: ict_1    
Connecting to the server...   
versions: 3.23, 2.4           
Signed into https://t.tableau-report.com as user with id 8bfb9887-1967-4b14-ab2f-97c9e5eb273b
Querying single user (ID: 8bfb9887-1967-4b14-ab2f-97c9e5eb273b)
Succeeded                     
Querying all projects on site 
Removing datasource '/[ict_1] ts_tds_builder/011_multiple_test_table_builder_3tbl' from the server...
Querying all datasources on site


	404: Item not found
		Item not found: [ProjectItem] [ict_1] ts_tds_builder/[Datasources] 011_multiple_test_table_builder_3tbl
Exiting...                    
Tabcmd 2.0.18                 
=====   Server: https://t.tableau-report.com
=====   Username: milvus      
=====   Token Name: misolution_dev__ict_1
Tableau Server Site: ict_1    
Connecting to the server...   
versions: 3.23, 2.4           
Signed into https://t.tableau-report.com as user with id 8bfb9887-1967-4b14-ab2f-97c9e5eb273b
Querying single user (ID: 8bfb9887-1967-4b14-ab2f-97c9e5eb273b)
Succeeded                     
Querying all projects on site 
Removing datasource '/[ict_1] ts_tds_builder/011_multiple_test_table_builder_3tbl' from the server...
Querying all datasources on site


	404: Item not found
		Item not found: [ProjectItem] [ict_1] ts_tds_builder/[Datasources] 011_multiple_test_table_builder_3tbl
Exiting...                    
Tabcmd 2.0.18                 
=====   Server: https://t.tableau-report.com
=====   Username: milvus      
=====   Token Name: misolution_dev__ict_1
Tableau Server Site: ict_1    
Connecting to the server...   
versions: 3.23, 2.4           
Signed into https://t.tableau-report.com as user with id 8bfb9887-1967-4b14-ab2f-97c9e5eb273b
Querying single user (ID: 8bfb9887-1967-4b14-ab2f-97c9e5eb273b)
Succeeded                     
Querying all projects on site 
Removing datasource '/[ict_1] ts_tds_builder/011_multiple_test_table_builder_4tbl' from the server...
Querying all datasources on site


	404: Item not found
		Item not found: [ProjectItem] [ict_1] ts_tds_builder/[Datasources] 011_multiple_test_table_builder_4tbl
Exiting...                    
Tabcmd 2.0.18                 
=====   Server: https://t.tableau-report.com
=====   Username: milvus      
=====   Token Name: misolution_dev__ict_1
Tableau Server Site: ict_1    
Connecting to the server...   
versions: 3.23, 2.4           
Signed into https://t.tableau-report.com as user with id 8bfb9887-1967-4b14-ab2f-97c9e5eb273b
Querying single user (ID: 8bfb9887-1967-4b14-ab2f-97c9e5eb273b)
Succeeded                     
Querying all projects on site 
Publishing '011_multiple_test_table_builder_4tbl.tds' to the server. This could take several minutes...
Publishing 011_multiple_test_table_builder_4tbl.tds to server
Published 011_multiple_test_table_builder_4tbl.tds (ID: 6171567c-49cc-433b-ab0a-3a83aa32bc18)
File successfully published to the server at the following location:
https://t.tableau-report.com/#/site/ict_1/datasources/6446
Tabcmd 2.0.18                 
=====   Server: https://t.tableau-report.com
=====   Username: milvus      
=====   Token Name: misolution_dev__ict_1
Tableau Server Site: ict_1    
Connecting to the server...   
versions: 3.23, 2.4           
Signed into https://t.tableau-report.com as user with id 8bfb9887-1967-4b14-ab2f-97c9e5eb273b
Querying single user (ID: 8bfb9887-1967-4b14-ab2f-97c9e5eb273b)
Succeeded                     
Querying all projects on site 
Publishing '011_multiple_test_table_builder_3tbl.tds' to the server. This could take several minutes...
Publishing 011_multiple_test_table_builder_3tbl.tds to server
Published 011_multiple_test_table_builder_3tbl.tds (ID: 8902795e-157b-4738-bc6b-690f0a83bc2b)
File successfully published to the server at the following location:
https://t.tableau-report.com/#/site/ict_1/datasources/6447
Tabcmd 2.0.18                 
=====   Server: https://t.tableau-report.com
=====   Username: milvus      
=====   Token Name: misolution_dev__ict_1
Tableau Server Site: ict_1    
Connecting to the server...   
versions: 3.23, 2.4           
Signed into https://t.tableau-report.com as user with id 8bfb9887-1967-4b14-ab2f-97c9e5eb273b
Querying single user (ID: 8bfb9887-1967-4b14-ab2f-97c9e5eb273b)
Succeeded                     
Querying all projects on site 
Publishing '011_multiple_test_table_builder_3tbl.tds' to the server. This could take several minutes...
Publishing 011_multiple_test_table_builder_3tbl.tds to server
Published 011_multiple_test_table_builder_3tbl.tds (ID: 8902795e-157b-4738-bc6b-690f0a83bc2b)
File successfully published to the server at the following location:
https://t.tableau-report.com/#/site/ict_1/datasources/6448
Tabcmd 2.0.18                 
=====   Server: https://t.tableau-report.com
=====   Username: milvus      
=====   Token Name: misolution_dev__ict_1
Tableau Server Site: ict_1    
Connecting to the server...   
versions: 3.23, 2.4           
Signed into https://t.tableau-report.com as user with id 8bfb9887-1967-4b14-ab2f-97c9e5eb273b
Querying single user (ID: 8bfb9887-1967-4b14-ab2f-97c9e5eb273b)
Succeeded                     
Querying all projects on site 
Publishing '011_multiple_test_table_builder_4tbl.tds' to the server. This could take several minutes...
Publishing 011_multiple_test_table_builder_4tbl.tds to server
Published 011_multiple_test_table_builder_4tbl.tds (ID: 6171567c-49cc-433b-ab0a-3a83aa32bc18)
File successfully published to the server at the following location:
https://t.tableau-report.com/#/site/ict_1/datasources/6449
Tabcmd 2.0.18                 
=====   Server: https://t.tableau-report.com
=====   Username: milvus      
=====   Token Name: misolution_dev__ict_1
Tableau Server Site: ict_1    
Connecting to the server...   
versions: 3.23, 2.4           
Signed into https://t.tableau-report.com as user with id 8bfb9887-1967-4b14-ab2f-97c9e5eb273b
Querying single user (ID: 8bfb9887-1967-4b14-ab2f-97c9e5eb273b)
Succeeded                     
Querying all projects on site 
Publishing '011_multiple_test_table_builder_5tbl.tds' to the server. This could take several minutes...
Publishing 011_multiple_test_table_builder_5tbl.tds to server
Published 011_multiple_test_table_builder_5tbl.tds (ID: 88a7ff0b-5472-41d4-a5d1-b9c1b57fb19f)
File successfully published to the server at the following location:
https://t.tableau-report.com/#/site/ict_1/datasources/6450
Tabcmd 2.0.18                 
=====   Server: https://t.tableau-report.com
=====   Username: milvus      
=====   Token Name: misolution_dev__ict_1
Tableau Server Site: ict_1    
Connecting to the server...   
versions: 3.23, 2.4           
Signed into https://t.tableau-report.com as user with id 8bfb9887-1967-4b14-ab2f-97c9e5eb273b
Querying single user (ID: 8bfb9887-1967-4b14-ab2f-97c9e5eb273b)
Succeeded                     
Querying all projects on site 
Publishing '011_multiple_test_table_builder_5tbl.tds' to the server. This could take several minutes...
Publishing 011_multiple_test_table_builder_5tbl.tds to server
Published 011_multiple_test_table_builder_5tbl.tds (ID: 88a7ff0b-5472-41d4-a5d1-b9c1b57fb19f)
File successfully published to the server at the following location:
https://t.tableau-report.com/#/site/ict_1/datasources/6451
Tabcmd 2.0.18                 
=====   Server: https://t.tableau-report.com
=====   Username: milvus      
=====   Token Name: misolution_dev__ict_1
Tableau Server Site: ict_1    
Connecting to the server...   
versions: 3.23, 2.4           
Signed into https://t.tableau-report.com as user with id 8bfb9887-1967-4b14-ab2f-97c9e5eb273b
Querying single user (ID: 8bfb9887-1967-4b14-ab2f-97c9e5eb273b)
Succeeded                     
Querying all projects on site 
Publishing '011_1con_1tbl.tds' to the server. This could take several minutes...
Publishing 011_1con_1tbl.tds to server
Published 011_1con_1tbl.tds (ID: b9c85bf5-56c5-4002-86d0-e0f7cda7bb3b)
File successfully published to the server at the following location:
https://t.tableau-report.com/#/site/ict_1/datasources/6474
Tabcmd 2.0.18                 
=====   Server: https://t.tableau-report.com
=====   Username: milvus      
=====   Token Name: misolution_dev__ict_1
Tableau Server Site: ict_1    
Connecting to the server...   
versions: 3.23, 2.4           
Signed into https://t.tableau-report.com as user with id 8bfb9887-1967-4b14-ab2f-97c9e5eb273b
Querying single user (ID: 8bfb9887-1967-4b14-ab2f-97c9e5eb273b)
Succeeded                     
Querying all projects on site 
Publishing '011_1con_1tbl.tds' to the server. This could take several minutes...
Publishing 011_1con_1tbl.tds to server
Published 011_1con_1tbl.tds (ID: b9c85bf5-56c5-4002-86d0-e0f7cda7bb3b)
File successfully published to the server at the following location:
https://t.tableau-report.com/#/site/ict_1/datasources/6475
Tabcmd 2.0.18                 
=====   Server: https://t.tableau-report.com
=====   Username: milvus      
=====   Token Name: misolution_dev__ict_1
Tableau Server Site: ict_1    
Connecting to the server...   
versions: 3.23, 2.4           
Signed into https://t.tableau-report.com as user with id 8bfb9887-1967-4b14-ab2f-97c9e5eb273b
Querying single user (ID: 8bfb9887-1967-4b14-ab2f-97c9e5eb273b)
Succeeded                     
Querying all projects on site 
Publishing '011_1con_1tbl.tds' to the server. This could take several minutes...
Publishing 011_1con_1tbl.tds to server
Published 011_1con_1tbl.tds (ID: b9c85bf5-56c5-4002-86d0-e0f7cda7bb3b)
File successfully published to the server at the following location:
https://t.tableau-report.com/#/site/ict_1/datasources/6476
Tabcmd 2.0.18                 
=====   Server: https://t.tableau-report.com
=====   Username: milvus      
=====   Token Name: misolution_dev__ict_1
Tableau Server Site: ict_1    
Connecting to the server...   
versions: 3.23, 2.4           
Signed into https://t.tableau-report.com as user with id 8bfb9887-1967-4b14-ab2f-97c9e5eb273b
Querying single user (ID: 8bfb9887-1967-4b14-ab2f-97c9e5eb273b)
Succeeded                     
Querying all projects on site 
Publishing '011_1con_1tbl.tds' to the server. This could take several minutes...
Publishing 011_1con_1tbl.tds to server
Published 011_1con_1tbl.tds (ID: b9c85bf5-56c5-4002-86d0-e0f7cda7bb3b)
File successfully published to the server at the following location:
https://t.tableau-report.com/#/site/ict_1/datasources/6477
Tabcmd 2.0.18                 
=====   Server: https://t.tableau-report.com
=====   Username: milvus      
=====   Token Name: misolution_dev__ict_1
Tableau Server Site: ict_1    
Connecting to the server...   
versions: 3.23, 2.4           
Signed into https://t.tableau-report.com as user with id 8bfb9887-1967-4b14-ab2f-97c9e5eb273b
Querying single user (ID: 8bfb9887-1967-4b14-ab2f-97c9e5eb273b)
Succeeded                     
Querying all projects on site 
Publishing '011_1con_1tbl.tds' to the server. This could take several minutes...
Publishing 011_1con_1tbl.tds to server
Published 011_1con_1tbl.tds (ID: b9c85bf5-56c5-4002-86d0-e0f7cda7bb3b)
File successfully published to the server at the following location:
https://t.tableau-report.com/#/site/ict_1/datasources/6478
Tabcmd 2.0.18                 
=====   Server: https://t.tableau-report.com
=====   Username: milvus      
=====   Token Name: misolution_dev__ict_1
Tableau Server Site: ict_1    
Connecting to the server...   
versions: 3.23, 2.4           
Signed into https://t.tableau-report.com as user with id 8bfb9887-1967-4b14-ab2f-97c9e5eb273b
Querying single user (ID: 8bfb9887-1967-4b14-ab2f-97c9e5eb273b)
Succeeded                     
Querying all projects on site 
Publishing '011_1con_1tbl.tds' to the server. This could take several minutes...
Publishing 011_1con_1tbl.tds to server
Published 011_1con_1tbl.tds (ID: b9c85bf5-56c5-4002-86d0-e0f7cda7bb3b)
File successfully published to the server at the following location:
https://t.tableau-report.com/#/site/ict_1/datasources/6479
Tabcmd 2.0.18                 
=====   Server: https://t.tableau-report.com
=====   Username: milvus      
=====   Token Name: misolution_dev__ict_1
Tableau Server Site: ict_1    
Connecting to the server...   
versions: 3.23, 2.4           
Signed into https://t.tableau-report.com as user with id 8bfb9887-1967-4b14-ab2f-97c9e5eb273b
Querying single user (ID: 8bfb9887-1967-4b14-ab2f-97c9e5eb273b)
Succeeded                     
Querying all projects on site 
Publishing '011_1con_1tbl.tds' to the server. This could take several minutes...
Publishing 011_1con_1tbl.tds to server
Published 011_1con_1tbl.tds (ID: b9c85bf5-56c5-4002-86d0-e0f7cda7bb3b)
File successfully published to the server at the following location:
https://t.tableau-report.com/#/site/ict_1/datasources/6480
Tabcmd 2.0.18                 
=====   Server: https://t.tableau-report.com
=====   Username: milvus      
=====   Token Name: misolution_dev__ict_1
Tableau Server Site: ict_1    
Connecting to the server...   
versions: 3.23, 2.4           
Signed into https://t.tableau-report.com as user with id 8bfb9887-1967-4b14-ab2f-97c9e5eb273b
Querying single user (ID: 8bfb9887-1967-4b14-ab2f-97c9e5eb273b)
Succeeded                     
Querying all projects on site 
Publishing '011_1con_1tbl.tds' to the server. This could take several minutes...
Publishing 011_1con_1tbl.tds to server
Published 011_1con_1tbl.tds (ID: b9c85bf5-56c5-4002-86d0-e0f7cda7bb3b)
File successfully published to the server at the following location:
https://t.tableau-report.com/#/site/ict_1/datasources/6481
Tabcmd 2.0.18                 
=====   Server: https://t.tableau-report.com
=====   Username: milvus      
=====   Token Name: misolution_dev__ict_1
Tableau Server Site: ict_1    
Connecting to the server...   
versions: 3.23, 2.4           
Signed into https://t.tableau-report.com as user with id 8bfb9887-1967-4b14-ab2f-97c9e5eb273b
Querying single user (ID: 8bfb9887-1967-4b14-ab2f-97c9e5eb273b)
Succeeded                     
Querying all projects on site 
Publishing '011_1con_1tbl.tds' to the server. This could take several minutes...
Publishing 011_1con_1tbl.tds to server
Published 011_1con_1tbl.tds (ID: b9c85bf5-56c5-4002-86d0-e0f7cda7bb3b)
File successfully published to the server at the following location:
https://t.tableau-report.com/#/site/ict_1/datasources/6482
Tabcmd 2.0.18                 
=====   Server: https://t.tableau-report.com
=====   Username: milvus      
=====   Token Name: misolution_dev__ict_1
Tableau Server Site: ict_1    
Connecting to the server...   
versions: 3.23, 2.4           
Signed into https://t.tableau-report.com as user with id 8bfb9887-1967-4b14-ab2f-97c9e5eb273b
Querying single user (ID: 8bfb9887-1967-4b14-ab2f-97c9e5eb273b)
Succeeded                     
Querying all projects on site 
Publishing '011_1con_ntbl.tds' to the server. This could take several minutes...
Publishing 011_1con_ntbl.tds to server
Published 011_1con_ntbl.tds (ID: c872bfc1-d169-44bd-857d-d71356f76245)
File successfully published to the server at the following location:
https://t.tableau-report.com/#/site/ict_1/datasources/6483
Tabcmd 2.0.18                 
=====   Server: https://t.tableau-report.com
=====   Username: milvus      
=====   Token Name: misolution_dev__ict_1
Tableau Server Site: ict_1    
Connecting to the server...   
versions: 3.23, 2.4           
Signed into https://t.tableau-report.com as user with id 8bfb9887-1967-4b14-ab2f-97c9e5eb273b
Querying single user (ID: 8bfb9887-1967-4b14-ab2f-97c9e5eb273b)
Succeeded                     
Querying all projects on site 
Publishing '011_1con_ntbl.tds' to the server. This could take several minutes...
Publishing 011_1con_ntbl.tds to server
Published 011_1con_ntbl.tds (ID: c872bfc1-d169-44bd-857d-d71356f76245)
File successfully published to the server at the following location:
https://t.tableau-report.com/#/site/ict_1/datasources/6484
Tabcmd 2.0.18                 
=====   Server: https://t.tableau-report.com
=====   Username: milvus      
=====   Token Name: misolution_dev__ict_1
Tableau Server Site: ict_1    
Connecting to the server...   
versions: 3.23, 2.4           
Signed into https://t.tableau-report.com as user with id 8bfb9887-1967-4b14-ab2f-97c9e5eb273b
Querying single user (ID: 8bfb9887-1967-4b14-ab2f-97c9e5eb273b)
Succeeded                     
Querying all projects on site 
Publishing '011_1con_ntbl.tds' to the server. This could take several minutes...
Publishing 011_1con_ntbl.tds to server
Published 011_1con_ntbl.tds (ID: c872bfc1-d169-44bd-857d-d71356f76245)
File successfully published to the server at the following location:
https://t.tableau-report.com/#/site/ict_1/datasources/6485
Tabcmd 2.0.18                 
=====   Server: https://t.tableau-report.com
=====   Username: milvus      
=====   Token Name: misolution_dev__ict_1
Tableau Server Site: ict_1    
Connecting to the server...   
versions: 3.23, 2.4           
Signed into https://t.tableau-report.com as user with id 8bfb9887-1967-4b14-ab2f-97c9e5eb273b
Querying single user (ID: 8bfb9887-1967-4b14-ab2f-97c9e5eb273b)
Succeeded                     
Querying all projects on site 
Publishing '011_1con_ntbl_duplicaton.tds' to the server. This could take several minutes...
File path does not lead to an existing file.
Traceback (most recent call last):
  File "tabcmd\commands\datasources_and_workbooks\publish_command.py", line 103, in run_command
  File "tableauserverclient\server\endpoint\endpoint.py", line 274, in wrapper
  File "tableauserverclient\server\endpoint\endpoint.py", line 316, in wrapper
  File "tableauserverclient\server\endpoint\endpoint.py", line 316, in wrapper
  File "tableauserverclient\server\endpoint\datasources_endpoint.py", line 481, in publish
OSError: File path does not lead to an existing file.
Exiting...                    
Tabcmd 2.0.18                 
=====   Server: https://t.tableau-report.com
=====   Username: milvus      
=====   Token Name: misolution_dev__ict_1
Tableau Server Site: ict_1    
Connecting to the server...   
versions: 3.23, 2.4           
Signed into https://t.tableau-report.com as user with id 8bfb9887-1967-4b14-ab2f-97c9e5eb273b
Querying single user (ID: 8bfb9887-1967-4b14-ab2f-97c9e5eb273b)
Succeeded                     
Querying all projects on site 
Publishing '011_1con_ntbl_duplication.tds' to the server. This could take several minutes...
Publishing 011_1con_ntbl_duplication.tds to server
Published 011_1con_ntbl_duplication.tds (ID: 150b1c93-cbb6-4b43-9c0e-51dff508a12a)
File successfully published to the server at the following location:
https://t.tableau-report.com/#/site/ict_1/datasources/6486
Tabcmd 2.0.18                 
=====   Server: https://t.tableau-report.com
=====   Username: milvus      
=====   Token Name: misolution_dev__ict_1
Tableau Server Site: ict_1    
Connecting to the server...   
versions: 3.23, 2.4           
Signed into https://t.tableau-report.com as user with id 8bfb9887-1967-4b14-ab2f-97c9e5eb273b
Querying single user (ID: 8bfb9887-1967-4b14-ab2f-97c9e5eb273b)
Succeeded                     
Querying all projects on site 
Publishing '011_1con_ntbl_mix.tds' to the server. This could take several minutes...
Publishing 011_1con_ntbl_mix.tds to server
Published 011_1con_ntbl_mix.tds (ID: 8ce5f225-6142-4bc2-a58c-c8a968caa861)
File successfully published to the server at the following location:
https://t.tableau-report.com/#/site/ict_1/datasources/6488
Tabcmd 2.0.18                 
=====   Server: https://t.tableau-report.com
=====   Username: milvus      
=====   Token Name: misolution_dev__ict_1
Tableau Server Site: ict_1    
Connecting to the server...   
versions: 3.23, 2.4           
Signed into https://t.tableau-report.com as user with id 8bfb9887-1967-4b14-ab2f-97c9e5eb273b
Querying single user (ID: 8bfb9887-1967-4b14-ab2f-97c9e5eb273b)
Succeeded                     
Querying all projects on site 
Publishing '011_1con_ntbl_mix.tds' to the server. This could take several minutes...
Publishing 011_1con_ntbl_mix.tds to server
Published 011_1con_ntbl_mix.tds (ID: 8ce5f225-6142-4bc2-a58c-c8a968caa861)
File successfully published to the server at the following location:
https://t.tableau-report.com/#/site/ict_1/datasources/6489
Tabcmd 2.0.18                 
=====   Server: https://t.tableau-report.com
=====   Username: milvus      
=====   Token Name: misolution_dev__ict_1
Tableau Server Site: ict_1    
Connecting to the server...   
versions: 3.23, 2.4           
Signed into https://t.tableau-report.com as user with id 8bfb9887-1967-4b14-ab2f-97c9e5eb273b
Querying single user (ID: 8bfb9887-1967-4b14-ab2f-97c9e5eb273b)
Succeeded                     
Querying all projects on site 
Publishing '011_1con_ntbl_mix.tds' to the server. This could take several minutes...
Publishing 011_1con_ntbl_mix.tds to server
Published 011_1con_ntbl_mix.tds (ID: 8ce5f225-6142-4bc2-a58c-c8a968caa861)
File successfully published to the server at the following location:
https://t.tableau-report.com/#/site/ict_1/datasources/6490
Tabcmd 2.0.18                 
=====   Server: https://t.tableau-report.com
=====   Username: milvus      
=====   Token Name: misolution_dev__ict_1
Tableau Server Site: ict_1    
Connecting to the server...   
versions: 3.23, 2.4           
Signed into https://t.tableau-report.com as user with id 8bfb9887-1967-4b14-ab2f-97c9e5eb273b
Querying single user (ID: 8bfb9887-1967-4b14-ab2f-97c9e5eb273b)
Succeeded                     
Querying all projects on site 
Publishing '011_1con_ntbl_relationship.tds' to the server. This could take several minutes...
Publishing 011_1con_ntbl_relationship.tds to server
Published 011_1con_ntbl_relationship.tds (ID: 3371be4b-1293-4f76-b380-e71ee32e1e74)
File successfully published to the server at the following location:
https://t.tableau-report.com/#/site/ict_1/datasources/6491
Tabcmd 2.0.18                 
=====   Server: https://t.tableau-report.com
=====   Username: milvus      
=====   Token Name: misolution_dev__ict_1
Tableau Server Site: ict_1    
Connecting to the server...   
versions: 3.23, 2.4           
Signed into https://t.tableau-report.com as user with id 8bfb9887-1967-4b14-ab2f-97c9e5eb273b
Querying single user (ID: 8bfb9887-1967-4b14-ab2f-97c9e5eb273b)
Succeeded                     
Querying all projects on site 
Publishing '011_1con_ntbl_relationship.tds' to the server. This could take several minutes...
Publishing 011_1con_ntbl_relationship.tds to server
Published 011_1con_ntbl_relationship.tds (ID: 3371be4b-1293-4f76-b380-e71ee32e1e74)
File successfully published to the server at the following location:
https://t.tableau-report.com/#/site/ict_1/datasources/6492
Tabcmd 2.0.18                 
=====   Server: https://t.tableau-report.com
=====   Username: milvus      
=====   Token Name: misolution_dev__ict_1
Tableau Server Site: ict_1    
Connecting to the server...   
versions: 3.23, 2.4           
Signed into https://t.tableau-report.com as user with id 8bfb9887-1967-4b14-ab2f-97c9e5eb273b
Querying single user (ID: 8bfb9887-1967-4b14-ab2f-97c9e5eb273b)
Succeeded                     
Querying all projects on site 
Publishing '011_1con_ntbl_relationship.tds' to the server. This could take several minutes...
Publishing 011_1con_ntbl_relationship.tds to server
Published 011_1con_ntbl_relationship.tds (ID: 3371be4b-1293-4f76-b380-e71ee32e1e74)
File successfully published to the server at the following location:
https://t.tableau-report.com/#/site/ict_1/datasources/6493
Tabcmd 2.0.18                 
=====   Server: https://t.tableau-report.com
=====   Username: milvus      
=====   Token Name: misolution_dev__ict_1
Tableau Server Site: ict_1    
Connecting to the server...   
versions: 3.23, 2.4           
Signed into https://t.tableau-report.com as user with id 8bfb9887-1967-4b14-ab2f-97c9e5eb273b
Querying single user (ID: 8bfb9887-1967-4b14-ab2f-97c9e5eb273b)
Succeeded                     
Querying all projects on site 
Publishing '011_1con_ntbl_relationship.tds' to the server. This could take several minutes...
Publishing 011_1con_ntbl_relationship.tds to server
Published 011_1con_ntbl_relationship.tds (ID: 3371be4b-1293-4f76-b380-e71ee32e1e74)
File successfully published to the server at the following location:
https://t.tableau-report.com/#/site/ict_1/datasources/6496
Tabcmd 2.0.18                 
=====   Server: https://t.tableau-report.com
=====   Username: milvus      
=====   Token Name: misolution_dev__ict_1
Tableau Server Site: ict_1    
Connecting to the server...   
versions: 3.23, 2.4           
Signed into https://t.tableau-report.com as user with id 8bfb9887-1967-4b14-ab2f-97c9e5eb273b
Querying single user (ID: 8bfb9887-1967-4b14-ab2f-97c9e5eb273b)
Succeeded                     
Querying all projects on site 
Publishing '011_1con_ntbl_relationship.tds' to the server. This could take several minutes...
Publishing 011_1con_ntbl_relationship.tds to server
Published 011_1con_ntbl_relationship.tds (ID: 3371be4b-1293-4f76-b380-e71ee32e1e74)
File successfully published to the server at the following location:
https://t.tableau-report.com/#/site/ict_1/datasources/6497
Tabcmd 2.0.18                 
=====   Server: https://t.tableau-report.com
=====   Username: milvus      
=====   Token Name: misolution_dev__ict_1
Tableau Server Site: ict_1    
Connecting to the server...   
versions: 3.23, 2.4           
Signed into https://t.tableau-report.com as user with id 8bfb9887-1967-4b14-ab2f-97c9e5eb273b
Querying single user (ID: 8bfb9887-1967-4b14-ab2f-97c9e5eb273b)
Succeeded                     
Querying all projects on site 
Publishing '011_1con_ntbl_relationship.tds' to the server. This could take several minutes...
Publishing 011_1con_ntbl_relationship.tds to server
Published 011_1con_ntbl_relationship.tds (ID: 3371be4b-1293-4f76-b380-e71ee32e1e74)
File successfully published to the server at the following location:
https://t.tableau-report.com/#/site/ict_1/datasources/6500
Tabcmd 2.0.18                 
=====   Server: https://t.tableau-report.com
=====   Username: milvus      
=====   Token Name: misolution_dev__ict_1
Tableau Server Site: ict_1    
Connecting to the server...   
versions: 3.23, 2.4           
Signed into https://t.tableau-report.com as user with id 8bfb9887-1967-4b14-ab2f-97c9e5eb273b
Querying single user (ID: 8bfb9887-1967-4b14-ab2f-97c9e5eb273b)
Succeeded                     
Querying all projects on site 
Publishing '011_1con_ntbl_relationship.tds' to the server. This could take several minutes...
Publishing 011_1con_ntbl_relationship.tds to server
Published 011_1con_ntbl_relationship.tds (ID: 3371be4b-1293-4f76-b380-e71ee32e1e74)
File successfully published to the server at the following location:
https://t.tableau-report.com/#/site/ict_1/datasources/6501
Tabcmd 2.0.18                 
=====   Server: https://t.tableau-report.com
=====   Username: milvus      
=====   Token Name: misolution_dev__ict_1
Tableau Server Site: ict_1    
Connecting to the server...   
versions: 3.23, 2.4           
Signed into https://t.tableau-report.com as user with id 8bfb9887-1967-4b14-ab2f-97c9e5eb273b
Querying single user (ID: 8bfb9887-1967-4b14-ab2f-97c9e5eb273b)
Succeeded                     
Querying all projects on site 
Publishing '011_1con_ntbl_relationship.tds' to the server. This could take several minutes...
Publishing 011_1con_ntbl_relationship.tds to server
Published 011_1con_ntbl_relationship.tds (ID: 3371be4b-1293-4f76-b380-e71ee32e1e74)
File successfully published to the server at the following location:
https://t.tableau-report.com/#/site/ict_1/datasources/6502
Tabcmd 2.0.18                 
=====   Server: https://t.tableau-report.com
=====   Username: milvus      
=====   Token Name: misolution_dev__ict_1
Tableau Server Site: ict_1    
Connecting to the server...   
versions: 3.23, 2.4           
Signed into https://t.tableau-report.com as user with id 8bfb9887-1967-4b14-ab2f-97c9e5eb273b
Querying single user (ID: 8bfb9887-1967-4b14-ab2f-97c9e5eb273b)
Succeeded                     
Querying all projects on site 
Publishing '011_1con_ntbl_relationship.tds' to the server. This could take several minutes...
Publishing 011_1con_ntbl_relationship.tds to server
Published 011_1con_ntbl_relationship.tds (ID: 3371be4b-1293-4f76-b380-e71ee32e1e74)
File successfully published to the server at the following location:
https://t.tableau-report.com/#/site/ict_1/datasources/6503
