Tabcmd 2.0.18                 
=====   Server: https://t.tableau-report.com
=====   Username: milvus      
=====   Token Name: misolution_dev__ict_1
Tableau Server Site: ict_1    
Connecting to the server...   
versions: 3.23, 2.4           
Signed into https://t.tableau-report.com as user with id 8bfb9887-1967-4b14-ab2f-97c9e5eb273b
Querying single user (ID: 8bfb9887-1967-4b14-ab2f-97c9e5eb273b)
Succeeded                     
Querying all projects on site 
Publishing '011_multiple_test_table_6tbl.tds' to the server. This could take several minutes...
Publishing 011_multiple_test_table_6tbl.tds to server
Published 011_multiple_test_table_6tbl.tds (ID: cc763ad3-6b02-4a78-8280-67deab544cce)
File successfully published to the server at the following location:
https://t.tableau-report.com/#/site/ict_1/datasources/6452
Tabcmd 2.0.18                 
=====   Server: https://t.tableau-report.com
=====   Username: milvus      
=====   Token Name: misolution_dev__ict_1
Tableau Server Site: ict_1    
Connecting to the server...   
versions: 3.23, 2.4           
Signed into https://t.tableau-report.com as user with id 8bfb9887-1967-4b14-ab2f-97c9e5eb273b
Querying single user (ID: 8bfb9887-1967-4b14-ab2f-97c9e5eb273b)
Succeeded                     
Querying all projects on site 
Publishing '011_multiple_test_table_3tbl_1join.tds' to the server. This could take several minutes...
Publishing 011_multiple_test_table_3tbl_1join.tds to server
Published 011_multiple_test_table_3tbl_1join.tds (ID: 53c62c34-797a-46bb-9080-e6c9504b6be3)
File successfully published to the server at the following location:
https://t.tableau-report.com/#/site/ict_1/datasources/6453
Tabcmd 2.0.18                 
=====   Server: https://t.tableau-report.com
=====   Username: milvus      
=====   Token Name: misolution_dev__ict_1
Tableau Server Site: ict_1    
Connecting to the server...   
versions: 3.23, 2.4           
Signed into https://t.tableau-report.com as user with id 8bfb9887-1967-4b14-ab2f-97c9e5eb273b
Querying single user (ID: 8bfb9887-1967-4b14-ab2f-97c9e5eb273b)
Succeeded                     
Querying all projects on site 
Publishing '011_multiple_test_table_3tbl_1join.tds' to the server. This could take several minutes...
Publishing 011_multiple_test_table_3tbl_1join.tds to server
Published 011_multiple_test_table_3tbl_1join.tds (ID: 53c62c34-797a-46bb-9080-e6c9504b6be3)
File successfully published to the server at the following location:
https://t.tableau-report.com/#/site/ict_1/datasources/6454
Tabcmd 2.0.18                 
=====   Server: https://t.tableau-report.com
=====   Username: milvus      
=====   Token Name: misolution_dev__ict_1
Tableau Server Site: ict_1    
Connecting to the server...   
versions: 3.23, 2.4           
Signed into https://t.tableau-report.com as user with id 8bfb9887-1967-4b14-ab2f-97c9e5eb273b
Querying single user (ID: 8bfb9887-1967-4b14-ab2f-97c9e5eb273b)
Succeeded                     
Querying all projects on site 
Publishing '011_multiple_test_table_3tbl_1join.tds' to the server. This could take several minutes...
Publishing 011_multiple_test_table_3tbl_1join.tds to server
Published 011_multiple_test_table_3tbl_1join.tds (ID: 53c62c34-797a-46bb-9080-e6c9504b6be3)
File successfully published to the server at the following location:
https://t.tableau-report.com/#/site/ict_1/datasources/6455
Tabcmd 2.0.18                 
=====   Server: https://t.tableau-report.com
=====   Username: milvus      
=====   Token Name: misolution_dev__ict_1
Tableau Server Site: ict_1    
Connecting to the server...   
versions: 3.23, 2.4           
Signed into https://t.tableau-report.com as user with id 8bfb9887-1967-4b14-ab2f-97c9e5eb273b
Querying single user (ID: 8bfb9887-1967-4b14-ab2f-97c9e5eb273b)
Succeeded                     
Querying all projects on site 
Publishing '011_multiple_test_table_3tbl_1join.tds' to the server. This could take several minutes...
Publishing 011_multiple_test_table_3tbl_1join.tds to server
Published 011_multiple_test_table_3tbl_1join.tds (ID: 53c62c34-797a-46bb-9080-e6c9504b6be3)
File successfully published to the server at the following location:
https://t.tableau-report.com/#/site/ict_1/datasources/6456
Tabcmd 2.0.18                 
=====   Server: https://t.tableau-report.com
=====   Username: milvus      
=====   Token Name: misolution_dev__ict_1
Tableau Server Site: ict_1    
Connecting to the server...   
versions: 3.23, 2.4           
Signed into https://t.tableau-report.com as user with id 8bfb9887-1967-4b14-ab2f-97c9e5eb273b
Querying single user (ID: 8bfb9887-1967-4b14-ab2f-97c9e5eb273b)
Succeeded                     
Querying all projects on site 
Publishing '011_multiple_test_table_3tbl_1join.tds' to the server. This could take several minutes...
Publishing 011_multiple_test_table_3tbl_1join.tds to server
Published 011_multiple_test_table_3tbl_1join.tds (ID: 53c62c34-797a-46bb-9080-e6c9504b6be3)
File successfully published to the server at the following location:
https://t.tableau-report.com/#/site/ict_1/datasources/6457
Tabcmd 2.0.18                 
=====   Server: https://t.tableau-report.com
=====   Username: milvus      
=====   Token Name: misolution_dev__ict_1
Tableau Server Site: ict_1    
Connecting to the server...   
versions: 3.23, 2.4           
Signed into https://t.tableau-report.com as user with id 8bfb9887-1967-4b14-ab2f-97c9e5eb273b
Querying single user (ID: 8bfb9887-1967-4b14-ab2f-97c9e5eb273b)
Succeeded                     
Querying all projects on site 
Publishing '011_multiple_test_table_6tbl.tds' to the server. This could take several minutes...
Publishing 011_multiple_test_table_6tbl.tds to server
Published 011_multiple_test_table_6tbl.tds (ID: cc763ad3-6b02-4a78-8280-67deab544cce)
File successfully published to the server at the following location:
https://t.tableau-report.com/#/site/ict_1/datasources/6458
Tabcmd 2.0.18                 
=====   Server: https://t.tableau-report.com
=====   Username: milvus      
=====   Token Name: misolution_dev__ict_1
Tableau Server Site: ict_1    
Connecting to the server...   
versions: 3.23, 2.4           
Signed into https://t.tableau-report.com as user with id 8bfb9887-1967-4b14-ab2f-97c9e5eb273b
Querying single user (ID: 8bfb9887-1967-4b14-ab2f-97c9e5eb273b)
Succeeded                     
Querying all projects on site 
Publishing '011_multiple_test_table_3tbl_1join.tds' to the server. This could take several minutes...
Publishing 011_multiple_test_table_3tbl_1join.tds to server
Published 011_multiple_test_table_3tbl_1join.tds (ID: 53c62c34-797a-46bb-9080-e6c9504b6be3)
File successfully published to the server at the following location:
https://t.tableau-report.com/#/site/ict_1/datasources/6460
Tabcmd 2.0.18                 
=====   Server: https://t.tableau-report.com
=====   Username: milvus      
=====   Token Name: misolution_dev__ict_1
Tableau Server Site: ict_1    
Connecting to the server...   
versions: 3.23, 2.4           
Signed into https://t.tableau-report.com as user with id 8bfb9887-1967-4b14-ab2f-97c9e5eb273b
Querying single user (ID: 8bfb9887-1967-4b14-ab2f-97c9e5eb273b)
Succeeded                     
Querying all projects on site 
Publishing '011_multiple_test_table_4tbl_join.tds' to the server. This could take several minutes...
Publishing 011_multiple_test_table_4tbl_join.tds to server
Published 011_multiple_test_table_4tbl_join.tds (ID: b5e28cea-106b-452b-99b1-e18ceab288c9)
File successfully published to the server at the following location:
https://t.tableau-report.com/#/site/ict_1/datasources/6461
Tabcmd 2.0.18                 
=====   Server: https://t.tableau-report.com
=====   Username: milvus      
=====   Token Name: misolution_dev__ict_1
Tableau Server Site: ict_1    
Connecting to the server...   
versions: 3.23, 2.4           
Signed into https://t.tableau-report.com as user with id 8bfb9887-1967-4b14-ab2f-97c9e5eb273b
Querying single user (ID: 8bfb9887-1967-4b14-ab2f-97c9e5eb273b)
Succeeded                     
Querying all projects on site 
Publishing '011_multiple_test_table_6tbl.tds' to the server. This could take several minutes...
Publishing 011_multiple_test_table_6tbl.tds to server
Published 011_multiple_test_table_6tbl.tds (ID: cc763ad3-6b02-4a78-8280-67deab544cce)
File successfully published to the server at the following location:
https://t.tableau-report.com/#/site/ict_1/datasources/6462
Tabcmd 2.0.18                 
=====   Server: https://t.tableau-report.com
=====   Username: milvus      
=====   Token Name: misolution_dev__ict_1
Tableau Server Site: ict_1    
Connecting to the server...   
versions: 3.23, 2.4           
Signed into https://t.tableau-report.com as user with id 8bfb9887-1967-4b14-ab2f-97c9e5eb273b
Querying single user (ID: 8bfb9887-1967-4b14-ab2f-97c9e5eb273b)
Succeeded                     
Querying all projects on site 
Publishing '011_multiple_test_table_3tbl_join.tds' to the server. This could take several minutes...
Publishing 011_multiple_test_table_3tbl_join.tds to server
Published 011_multiple_test_table_3tbl_join.tds (ID: c312d7c1-ce42-4165-8658-de1b64f86290)
File successfully published to the server at the following location:
https://t.tableau-report.com/#/site/ict_1/datasources/6463
Tabcmd 2.0.18                 
=====   Server: https://t.tableau-report.com
=====   Username: milvus      
=====   Token Name: misolution_dev__ict_1
Tableau Server Site: ict_1    
Connecting to the server...   
versions: 3.23, 2.4           
Signed into https://t.tableau-report.com as user with id 8bfb9887-1967-4b14-ab2f-97c9e5eb273b
Querying single user (ID: 8bfb9887-1967-4b14-ab2f-97c9e5eb273b)
Succeeded                     
Querying all projects on site 
Publishing '011_multiple_test_table_3tbl_join.tds' to the server. This could take several minutes...
Publishing 011_multiple_test_table_3tbl_join.tds to server
Published 011_multiple_test_table_3tbl_join.tds (ID: c312d7c1-ce42-4165-8658-de1b64f86290)
File successfully published to the server at the following location:
https://t.tableau-report.com/#/site/ict_1/datasources/6464
Tabcmd 2.0.18                 
=====   Server: https://t.tableau-report.com
=====   Username: milvus      
=====   Token Name: misolution_dev__ict_1
Tableau Server Site: ict_1    
Connecting to the server...   
versions: 3.23, 2.4           
Signed into https://t.tableau-report.com as user with id 8bfb9887-1967-4b14-ab2f-97c9e5eb273b
Querying single user (ID: 8bfb9887-1967-4b14-ab2f-97c9e5eb273b)
Succeeded                     
Querying all projects on site 
Publishing '011_multiple_test_table_3tbl_join.tds' to the server. This could take several minutes...
Publishing 011_multiple_test_table_3tbl_join.tds to server
Published 011_multiple_test_table_3tbl_join.tds (ID: c312d7c1-ce42-4165-8658-de1b64f86290)
File successfully published to the server at the following location:
https://t.tableau-report.com/#/site/ict_1/datasources/6465
Tabcmd 2.0.18                 
=====   Server: https://t.tableau-report.com
=====   Username: milvus      
=====   Token Name: misolution_dev__ict_1
Tableau Server Site: ict_1    
Connecting to the server...   
versions: 3.23, 2.4           
Signed into https://t.tableau-report.com as user with id 8bfb9887-1967-4b14-ab2f-97c9e5eb273b
Querying single user (ID: 8bfb9887-1967-4b14-ab2f-97c9e5eb273b)
Succeeded                     
Querying all projects on site 
Publishing '011_multiple_test_table_3tbl_join.tds' to the server. This could take several minutes...
Publishing 011_multiple_test_table_3tbl_join.tds to server
Published 011_multiple_test_table_3tbl_join.tds (ID: c312d7c1-ce42-4165-8658-de1b64f86290)
File successfully published to the server at the following location:
https://t.tableau-report.com/#/site/ict_1/datasources/6466
Tabcmd 2.0.18                 
=====   Server: https://t.tableau-report.com
=====   Username: milvus      
=====   Token Name: misolution_dev__ict_1
Tableau Server Site: ict_1    
Connecting to the server...   
versions: 3.23, 2.4           
Signed into https://t.tableau-report.com as user with id 8bfb9887-1967-4b14-ab2f-97c9e5eb273b
Querying single user (ID: 8bfb9887-1967-4b14-ab2f-97c9e5eb273b)
Succeeded                     
Querying all projects on site 
Publishing '011_multiple_test_table_3tbl_join.tds' to the server. This could take several minutes...
Publishing 011_multiple_test_table_3tbl_join.tds to server
Published 011_multiple_test_table_3tbl_join.tds (ID: c312d7c1-ce42-4165-8658-de1b64f86290)
File successfully published to the server at the following location:
https://t.tableau-report.com/#/site/ict_1/datasources/6467
Tabcmd 2.0.18                 
=====   Server: https://t.tableau-report.com
=====   Username: milvus      
=====   Token Name: misolution_dev__ict_1
Tableau Server Site: ict_1    
Connecting to the server...   
versions: 3.23, 2.4           
Signed into https://t.tableau-report.com as user with id 8bfb9887-1967-4b14-ab2f-97c9e5eb273b
Querying single user (ID: 8bfb9887-1967-4b14-ab2f-97c9e5eb273b)
Succeeded                     
Querying all projects on site 
Publishing '011_multiple_test_table_4tbl_join.tds' to the server. This could take several minutes...
Publishing 011_multiple_test_table_4tbl_join.tds to server
Published 011_multiple_test_table_4tbl_join.tds (ID: b5e28cea-106b-452b-99b1-e18ceab288c9)
File successfully published to the server at the following location:
https://t.tableau-report.com/#/site/ict_1/datasources/6468
Tabcmd 2.0.18                 
=====   Server: https://t.tableau-report.com
=====   Username: milvus      
=====   Token Name: misolution_dev__ict_1
Tableau Server Site: ict_1    
Connecting to the server...   
versions: 3.23, 2.4           
Signed into https://t.tableau-report.com as user with id 8bfb9887-1967-4b14-ab2f-97c9e5eb273b
Querying single user (ID: 8bfb9887-1967-4b14-ab2f-97c9e5eb273b)
Succeeded                     
Querying all projects on site 
Publishing '011_multiple_test_table_4tbl_join.tds' to the server. This could take several minutes...
Publishing 011_multiple_test_table_4tbl_join.tds to server
Published 011_multiple_test_table_4tbl_join.tds (ID: b5e28cea-106b-452b-99b1-e18ceab288c9)
File successfully published to the server at the following location:
https://t.tableau-report.com/#/site/ict_1/datasources/6469
Tabcmd 2.0.18                 
=====   Server: https://t.tableau-report.com
=====   Username: milvus      
=====   Token Name: misolution_dev__ict_1
Tableau Server Site: ict_1    
Connecting to the server...   
versions: 3.23, 2.4           
Signed into https://t.tableau-report.com as user with id 8bfb9887-1967-4b14-ab2f-97c9e5eb273b
Querying single user (ID: 8bfb9887-1967-4b14-ab2f-97c9e5eb273b)
Succeeded                     
Querying all projects on site 
Publishing '011_multiple_test_table_4tbl_join.tds' to the server. This could take several minutes...
Publishing 011_multiple_test_table_4tbl_join.tds to server
Published 011_multiple_test_table_4tbl_join.tds (ID: b5e28cea-106b-452b-99b1-e18ceab288c9)
File successfully published to the server at the following location:
https://t.tableau-report.com/#/site/ict_1/datasources/6470
Tabcmd 2.0.18                 
=====   Server: https://t.tableau-report.com
=====   Username: milvus      
=====   Token Name: misolution_dev__ict_1
Tableau Server Site: ict_1    
Connecting to the server...   
versions: 3.23, 2.4           
Signed into https://t.tableau-report.com as user with id 8bfb9887-1967-4b14-ab2f-97c9e5eb273b
Querying single user (ID: 8bfb9887-1967-4b14-ab2f-97c9e5eb273b)
Succeeded                     
Querying all projects on site 
Publishing '011_multiple_test_table_4tbl_join.tds' to the server. This could take several minutes...
Publishing 011_multiple_test_table_4tbl_join.tds to server
Published 011_multiple_test_table_4tbl_join.tds (ID: b5e28cea-106b-452b-99b1-e18ceab288c9)
File successfully published to the server at the following location:
https://t.tableau-report.com/#/site/ict_1/datasources/6471
Tabcmd 2.0.18                 
=====   Server: https://t.tableau-report.com
=====   Username: milvus      
=====   Token Name: misolution_dev__ict_1
Tableau Server Site: ict_1    
Connecting to the server...   
versions: 3.23, 2.4           
Signed into https://t.tableau-report.com as user with id 8bfb9887-1967-4b14-ab2f-97c9e5eb273b
Querying single user (ID: 8bfb9887-1967-4b14-ab2f-97c9e5eb273b)
Succeeded                     
Querying all projects on site 
Publishing '011_1con_1tbl.tds' to the server. This could take several minutes...
File path does not lead to an existing file.
Traceback (most recent call last):
  File "tabcmd\commands\datasources_and_workbooks\publish_command.py", line 103, in run_command
  File "tableauserverclient\server\endpoint\endpoint.py", line 274, in wrapper
  File "tableauserverclient\server\endpoint\endpoint.py", line 316, in wrapper
  File "tableauserverclient\server\endpoint\endpoint.py", line 316, in wrapper
  File "tableauserverclient\server\endpoint\datasources_endpoint.py", line 481, in publish
OSError: File path does not lead to an existing file.
Exiting...                    
